<?xml version="1.0" encoding="UTF-8"?>
<!-- Generated by org.testng.reporters.JUnitReportReporter -->
<testsuite hostname="Divis" name="com.tirebuyer.tests.CheckoutTest" tests="1" failures="0" timestamp="11 Aug 2016 04:12:52 GMT" time="71.561" errors="0">
  <testcase name="checkOutTest" time="71.561" classname="com.tirebuyer.tests.CheckoutTest"/>
</testsuite> <!-- com.tirebuyer.tests.CheckoutTest -->
